<?xml version="1.0" encoding="UTF-8"?>
<!-- Generated by org.testng.reporters.JUnitReportReporter -->
<testsuite hostname="Neha-Sachdeva" failures="0" tests="1" name="testBase.TestBase" time="69.385" errors="0" timestamp="2022-08-11T11:42:35 IST" skipped="0">
  <testcase classname="testBase.TestBase" name="test1" time="69.385"/>
  <system-out/>
</testsuite> <!-- testBase.TestBase -->
